2024-02-28 13:32:49,556 - ERROR - URL: https://t.me/robots.txt - Routine: Searching robots.txt - Missing download
2024-02-28 13:32:49,557 - WARNING - URL: https://t.me - Routine: Searching robots.txt - robots.txt not found
2024-02-28 13:33:10,888 - ERROR - URL: https://telegram.org/robots.txt - Routine: Searching robots.txt - Missing download
2024-02-28 13:33:10,888 - WARNING - URL: https://telegram.org - Routine: Searching robots.txt - robots.txt not found
2024-02-28 13:33:47,883 - ERROR - URL: https://desktop.telegram.org/robots.txt - Routine: Searching robots.txt - Missing download
2024-02-28 13:33:47,883 - WARNING - URL: https://desktop.telegram.org - Routine: Searching robots.txt - robots.txt not found
2024-02-28 13:36:36,191 - ERROR - URL: https://core.telegram.org/robots.txt - Routine: Searching robots.txt - Missing download
2024-02-28 13:36:36,193 - WARNING - URL: https://core.telegram.org - Routine: Searching robots.txt - robots.txt not found
2024-02-28 13:37:35,746 - ERROR - URL: https://macos.telegram.org/robots.txt - Routine: Searching robots.txt - Missing download
2024-02-28 13:37:35,746 - WARNING - URL: https://macos.telegram.org - Routine: Searching robots.txt - robots.txt not found
2024-02-28 13:39:09,506 - ERROR - URL: https://translations.telegram.org/robots.txt - Routine: Searching robots.txt - Missing download
2024-02-28 13:39:09,506 - WARNING - URL: https://translations.telegram.org - Routine: Searching robots.txt - robots.txt not found
2024-02-28 13:39:26,853 - ERROR - URL: https://instantview.telegram.org/robots.txt - Routine: Searching robots.txt - Missing download
2024-02-28 13:39:26,853 - WARNING - URL: https://instantview.telegram.org - Routine: Searching robots.txt - robots.txt not found
2024-02-28 13:40:05,425 - ERROR - URL: https://policies.google.com/robots.txt - Routine: Searching robots.txt - Missing download
2024-02-28 13:40:05,425 - WARNING - URL: https://policies.google.com - Routine: Searching robots.txt - robots.txt not found
2024-02-28 13:40:28,076 - ERROR - URL: https://transparency.twitter.com/en.sitemapindex.xml - Routine: Sitemaps processing - Can't parse this sitemap: written wrong
2024-02-28 13:40:41,178 - WARNING - URL: https://transparency.twitter.com - Routine: Priority crawl - Found a canonical url: https://transparency.x.com/en.html
2024-02-28 13:41:50,001 - ERROR - URL: https://transparency.twitter.com/en.sitemapindex.xml - Routine: Sitemaps processing - Can't parse this sitemap: written wrong
2024-02-28 13:42:33,253 - ERROR - URL: https://flathub.org/robots.txt - Routine: Searching robots.txt - Missing download
2024-02-28 13:42:33,254 - WARNING - URL: https://flathub.org - Routine: Searching robots.txt - robots.txt not found
2024-02-28 13:42:58,060 - WARNING - URL: https://about.twitter.com/en/who-we-are/brand-toolkit - Routine: Priority crawl - Found a canonical url: https://about.x.com/en/who-we-are/brand-toolkit
2024-02-28 13:43:04,634 - WARNING - URL: https://careers.twitter.com/en - Routine: Priority crawl - Found a canonical url: https://careers.x.com/en
2024-02-28 13:43:13,286 - WARNING - URL: https://about.twitter.com/en - Routine: Priority crawl - Found a canonical url: https://about.x.com/en
2024-02-28 13:43:26,826 - WARNING - URL: https://privacy.twitter.com/it - Routine: Priority crawl - Found a canonical url: https://privacy.x.com/it
2024-02-28 13:43:57,172 - WARNING - URL: https://preferencecenter.twitter.com - Routine: Priority crawl - Found a canonical url: https://preferencecenter.twitter.com/content/preferencecenter-twitter/en.html
2024-02-28 13:44:36,667 - ERROR - URL: https://twitter.com/sitemap.xml - Routine: Sitemaps processing - Can't parse this sitemap: written wrong
2024-02-28 13:44:43,481 - WARNING - URL: https://groups.google.com/access-error?continue=https://groups.google.com/g/GoogleDocs - Routine: Priority crawl - Found a canonical url: https://groups.google.com/access-error
2024-02-28 13:44:57,799 - WARNING - URL: https://developer.twitter.com/en/more/developer-terms/agreement-and-policy - Routine: Priority crawl - Found a canonical url: https://developer.twitter.com/en/developer-terms/agreement-and-policy
2024-02-28 13:45:10,067 - ERROR - URL: https://install.appcenter.ms/robots.txt - Routine: Searching robots.txt - Missing download
2024-02-28 13:45:10,067 - WARNING - URL: https://install.appcenter.ms - Routine: Searching robots.txt - robots.txt not found
2024-02-28 13:45:26,889 - WARNING - URL: https://privacy.twitter.com/en/for-our-partners/global-dpa - Routine: Priority crawl - Found a canonical url: https://privacy.x.com/en/for-our-partners/global-dpa
2024-02-28 13:46:10,738 - ERROR - URL: https://flathub.org/robots.txt - Routine: Searching robots.txt - Missing download
2024-02-28 13:46:10,739 - WARNING - URL: https://dl.flathub.org - Routine: Searching robots.txt - robots.txt not found
2024-02-28 13:46:11,324 - WARNING - URL: https://donate.wikimedia.org/w/index.php?title=Special:LandingPage&country=IT&uselang=en&utm_medium=sidebar&utm_source=donate&utm_campaign=C13_en.wikipedia.org - Routine: Priority crawl - Found a canonical url: https://donate.wikimedia.org/w/index.php?country=IT&title=Special:LandingPage&uselang=en&utm_campaign=C13_en.wikipedia.org&utm_medium=sidebar&utm_source=donate
2024-02-28 13:46:11,899 - ERROR - URL: https://twitter.ethicspointvp.com/robots.txt - Routine: Searching robots.txt - Missing download
2024-02-28 13:46:11,899 - WARNING - URL: https://twitter.ethicspointvp.com - Routine: Searching robots.txt - robots.txt not found
2024-02-28 13:46:35,688 - WARNING - URL: https://donate.wikimedia.org/w/index.php?title=Special:LandingPage&country=IT&uselang=it&utm_medium=spontaneous&utm_source=fr-redir&utm_campaign=spontaneous - Routine: Priority crawl - Found a canonical url: https://donate.wikimedia.org/w/index.php?country=IT&title=Special:LandingPage&uselang=it&utm_campaign=spontaneous&utm_medium=spontaneous&utm_source=fr-redir
2024-02-28 13:46:36,462 - ERROR - URL: https://gdpr.x.com/robots.txt - Routine: Searching robots.txt - Missing download
2024-02-28 13:46:36,464 - WARNING - URL: https://gdpr.x.com - Routine: Searching robots.txt - robots.txt not found
